Current configuration:
[NAME]			[DEFLT]		[VALUE]
-alpha			0.97		9.700000e-01
-argfile				
-blocksize		2048		2048
-build_outdirs		yes		yes
-c					/home/brian/Documents/other/etc/other_train.fileids
-cep2spec		no		no
-di					/home/brian/Documents/other/wav
-dither			no		no
-do					/home/brian/Documents/other/feat
-doublebw		no		no
-ei					wav
-eo					mfc
-example		no		no
-frate			100		100
-help			no		no
-i					
-input_endian		little		little
-lifter			0		22
-logspec		no		no
-lowerf			133.33334	1.300000e+02
-mach_endian		little		little
-mswav			no		yes
-ncep			13		13
-nchans			1		1
-nfft			512		512
-nfilt			40		25
-nist			no		no
-npart			0		1
-nskip			0		0
-o					
-ofmt			sphinx		sphinx
-part			0		1
-raw			no		no
-remove_dc		no		no
-remove_noise		yes		yes
-remove_silence		yes		yes
-round_filters		yes		yes
-runlen			-1		-1
-samprate		16000		1.600000e+04
-seed			-1		-1
-smoothspec		no		no
-spec2cep		no		no
-sph2pipe		no		no
-transform		legacy		dct
-unit_area		yes		yes
-upperf			6855.4976	6.800000e+03
-vad_postspeech		50		50
-vad_prespeech		20		20
-vad_startspeech	10		10
-vad_threshold		2.0		2.000000e+00
-verbose		no		no
-warp_params				
-warp_type		inverse_linear	inverse_linear
-whichchan		0		0
-wlen			0.025625	2.562500e-02

INFO: sphinx_fe.c(967): Processing all remaining utterances at position 0
INFO: sphinx_fe.c(787): Converting /home/brian/Documents/other/wav/train/1.wav to /home/brian/Documents/other/feat/train/1.mfc
INFO: sphinx_fe.c(787): Converting /home/brian/Documents/other/wav/train/2.wav to /home/brian/Documents/other/feat/train/2.mfc
INFO: sphinx_fe.c(787): Converting /home/brian/Documents/other/wav/train/3.wav to /home/brian/Documents/other/feat/train/3.mfc
INFO: sphinx_fe.c(787): Converting /home/brian/Documents/other/wav/train/4.wav to /home/brian/Documents/other/feat/train/4.mfc
INFO: sphinx_fe.c(787): Converting /home/brian/Documents/other/wav/train/5.wav to /home/brian/Documents/other/feat/train/5.mfc
INFO: sphinx_fe.c(787): Converting /home/brian/Documents/other/wav/train/6.wav to /home/brian/Documents/other/feat/train/6.mfc
INFO: sphinx_fe.c(787): Converting /home/brian/Documents/other/wav/train/7.wav to /home/brian/Documents/other/feat/train/7.mfc
INFO: sphinx_fe.c(787): Converting /home/brian/Documents/other/wav/train/8.wav to /home/brian/Documents/other/feat/train/8.mfc
INFO: sphinx_fe.c(787): Converting /home/brian/Documents/other/wav/train/9.wav to /home/brian/Documents/other/feat/train/9.mfc
INFO: sphinx_fe.c(787): Converting /home/brian/Documents/other/wav/train/10.wav to /home/brian/Documents/other/feat/train/10.mfc
Thu Jan  7 12:20:59 2021
