Current configuration:
[NAME]		[DEFLT]		[VALUE]
-accumdir			/home/brian/Documents/other/bwaccumdir/other_buff_1
-agc		none		none
-agcthresh	2.0		2.000000e+00
-cepdir				/home/brian/Documents/other/feat
-cepext		mfc		mfc
-ceplen		13		13
-cmn		live		batch
-cmninit	40,3,-1		40,3,-1
-ctlfn				/home/brian/Documents/other/etc/other_train.fileids
-dictfn				
-example	no		no
-fdictfn			
-feat		1s_c_d_dd	1s_c_d_dd
-fullvar	no		no
-help		no		no
-lda				
-ldadim		0		0
-lsnfn				
-meanfn				
-moddeffn			
-npart				1
-nskip				0
-part				1
-runlen				0
-scaleseg	no		no
-segdir				
-segext		v8_seg		v8_seg
-svspec				
-ts2cbfn			
-varnorm	no		no

INFO: feat.c(713): Initializing feature stream to type: '1s_c_d_dd', ceplen=13, CMN='batch', VARNORM='no', AGC='none'
INFO: corpus.c(1062): Will process all remaining utts starting at 0
INFO: init_gau.c(134): Computing 1x1x1 mean estimates
INFO: cmn.c(133): CMN: 45.39  9.34 -10.27  4.99 -3.25 -1.48 -13.96 -5.22 -5.17 -6.22  9.30 -2.22 -2.26 
INFO: cmn.c(133): CMN: 37.68 -1.38 -13.56 -9.83  1.00  4.99  5.32  1.44 -8.13 -8.23  6.25  1.68 -5.67 
INFO: cmn.c(133): CMN: 22.55  4.22 -6.17  0.79  3.14  7.32 -12.01 -8.49 -13.94 -2.80 11.93  4.39 -4.87 
INFO: cmn.c(133): CMN: 38.90  0.54  0.94  3.99  5.97  1.70  2.20 11.20 -7.07 -10.03 -1.90 -3.11 -4.76 
INFO: cmn.c(133): CMN: 40.82  9.79 -9.80  3.74 -1.53  1.34 -9.82 -2.43 -6.95 -4.64 13.42  5.61 -2.60 
INFO: cmn.c(133): CMN: 39.46  4.98 -0.37  6.12  3.25  3.26  3.17  3.97 -11.47 -11.44  6.98  6.81 -5.72 
INFO: cmn.c(133): CMN: 37.00  6.07 15.88 -6.95  2.47  7.87  1.08  4.82 -5.15 -11.58  4.13  0.39 -8.43 
INFO: cmn.c(133): CMN: 44.83 -0.81 -2.76  5.60  5.19  3.15 -4.88 -3.14 -9.50 -12.94  6.15 -1.12 -10.07 
INFO: cmn.c(133): CMN: 43.83  1.47 -9.61  0.14 -2.00 -0.40 -4.40 -1.13 -5.69 -3.92 11.02 -1.47 -6.58 
INFO: cmn.c(133): CMN: 42.57 -0.86  2.84 21.10  6.29  3.73 -6.38 -4.27 -2.88 -11.66  3.70  3.40 -10.90 
INFO: s3gau_io.c(480): Wrote /home/brian/Documents/other/bwaccumdir/other_buff_1/gauden_counts with means [1x1x1 vector arrays]
Thu Jan  7 12:21:00 2021
